#
# There is insufficient memory for the Java Runtime Environment to continue.
# Native memory allocation (mmap) failed to map 132120576 bytes. Error detail: G1 virtual space
# Possible reasons:
#   The system is out of physical RAM or swap space
#   This process is running with CompressedOops enabled, and the Java Heap may be blocking the growth of the native heap
# Possible solutions:
#   Reduce memory load on the system
#   Increase physical memory or swap space
#   Check if swap backing store is full
#   Decrease Java heap size (-Xmx/-Xms)
#   Decrease number of Java threads
#   Decrease Java thread stack sizes (-Xss)
#   Set larger code cache with -XX:ReservedCodeCacheSize=
#   JVM is running with Unscaled Compressed Oops mode in which the Java heap is
#     placed in the first 4GB address space. The Java Heap base address is the
#     maximum limit for the native heap growth. Please use -XX:HeapBaseMinAddress
#     to set the Java Heap base and to place the Java Heap above 4GB virtual address.
# This output file may be truncated or incomplete.
#
#  Out of Memory Error (os_windows.cpp:3616), pid=12540, tid=3380
#
# JRE version:  (21.0.5+11) (build )
# Java VM: OpenJDK 64-Bit Server VM (21.0.5+11-LTS, mixed mode, sharing, tiered, compressed oops, compressed class ptrs, g1 gc, windows-amd64)
# No core dump will be written. Minidumps are not enabled by default on client versions of Windows
#

---------------  S U M M A R Y ------------

Command Line: -Dfile.encoding=UTF-8 -Dstdout.encoding=UTF-8 -Dstderr.encoding=UTF-8 -XX:+ShowCodeDetailsInExceptionMessages calculatrice

Host: Intel(R) Core(TM) i5-8350U CPU @ 1.70GHz, 8 cores, 7G,  Windows 11 , 64 bit Build 26100 (10.0.26100.3775)
Time: Mon Jun 16 03:52:33 2025 Paris, Madrid (heure duild 26100 (10.0.26100.3775) elapsed time: 2.041187 seconds (0d 0h 0m 2s)

---------------  T H R E A D  ---------------

Current thread (0x0000017331912320):  JavaThread "Unknown thread" [_thread_in_vm, id=3380, stack(0x0000002b81700000,0x0000002b81800000) (1024K)]

Stack: [0x0000002b81700000,0x0000002b81800000]
Native frames: (J=compiled Java code, j=interpreted, Vv=VM code, C=native code)
V  [jvm.dll+0x6cd4e9]
V  [jvm.dll+0x8a7941]
V  [jvm.dll+0x8a9e6e]
V  [jvm.dll+0x8aa543]
V  [jvm.dll+0x27f6d6]
V  [jvm.dll+0x6c9c25]
V  [jvm.dll+0x6be84a]
V  [jvm.dll+0x355c6a]
V  [jvm.dll+0x35d836]
V  [jvm.dll+0x3af40e]
V  [jvm.dll+0x3af6b8]
V  [jvm.dll+0x329dfc]
V  [jvm.dll+0x32a95b]
V  [jvm.dll+0x870ba9]
V  [jvm.dll+0x3bc1e1]
V  [jvm.dll+0x859cd3]
V  [jvm.dll+0x4504ee]
V  [jvm.dll+0x452131]
C  [jli.dll+0x5278]
C  [ucrtbase.dll+0x37b0]
C  [KERNEL32.DLL+0x2e8d7]
C  [ntdll.dll+0xb14fc]


---------------  P R O C E S S  ---------------

Threads class SMR info:
_java_thread_list=0x00007ffa0a7290c8, length=0, elements={
}

Java Threads: ( => current thread )
Total: 0

Other Threads:
  0x00000173332afc40 WorkerThread "GC Thread#0"                     [id=14672, stack(0x0000002b81800000,0x0000002b81900000) (1024K)]
  0x00000173332c0670 ConcurrentGCThread "G1 Main Marker"            [id=20340, stack(0x0000002b81900000,0x0000002b81a00000) (1024K)]
  0x00000173332c11e0 WorkerThread "G1 Conc#0"                       [id=19844, stack(0x0000002b81a00000,0x0000002b81b00000) (1024K)]

[error occurred during error reporting (printing all threads), id 0xc0000005, EXCEPTION_ACCESS_VIOLATION (0xc0000005) at pc=0x00007ffa09e2c727]
VM state: not at safepoint (not fully initialized)

VM Mutex/Monitor currently owned by a thread:  ([mutex/lock_event])
[0x00007ffa0a79d480] Heap_lock - owner thread: 0x0000017331912320

Heap address: 0x0000000082600000, size: 2010 MB, Compressed Oops mode: 32-bit

CDS archive(s) mapped at: [0x0000000000000000-0x0000000000000000-0x0000000000000000), size 0, SharedBaseAddress: 0x0000000800000000, ArchiveRelocationMode: 1.
Narrow klass base: 0x0000000000000000, Narrow klass shift: 0, Narrow klass range: 0x0

GC Precious Log:
 CardTable entry size: 512
 Card Set container configuration: InlinePtr #cards 5 size 8 Array Of Cards #cards 12 size 40 Howl #buckets 4 coarsen threshold 1843 Howl Bitmap #cards 512 size 80 coarsen threshold 460 Card regions per heap region 1 cards per card region 2048

Heap:
 garbage-first heap   total 0K, used 0K [0x0000000082600000, 0x0000000100000000)
  region size 1024K, 0 young (0K), 0 survivors (0K)

[error occurred during error reporting (printing heap information), id 0xc0000005, EXCEPTION_ACCESS_VIOLATION (0xc0000005) at pc=0x00007ffa0a216f49]
GC Heap History (0 events):
No events

Dll operation events (1 events):
Event: 0.015 Loaded shared library C:\Users\ayman\Desktop\eclipse\plugins\org.eclipse.justj.openjdk.hotspot.jre.full.win32.x86_64_21.0.5.v20241023-1957\jre\bin\java.dll

Deoptimization events (0 events):
No events

Classes loaded (0 events):
No events

Classes unloaded (0 events):
No events

Classes redefined (0 events):
No events

Internal exceptions (0 events):
No events

ZGC Phase Switch (0 events):
No events

VM Operations (0 events):
No events

Memory protections (0 events):
No events

Nmethod flushes (0 events):
No events

Events (0 events):
No events


Dynamic libraries:
0x00007ff72bdd0000 - 0x00007ff72bdde000 	C:\Users\ayman\Desktop\eclipse\plugins\org.eclipse.justj.openjdk.hotspot.jre.full.win32.x86_64_21.0.5.v20241023-1957\jre\bin\javaw.exe
0x00007ffa7ff20000 - 0x00007ffa80180000 	C:\WINDOWS\SYSTEM32\ntdll.dll
0x00007ffa7e0c0000 - 0x00007ffa7e187000 	C:\WINDOWS\System32\KERNEL32.DLL
0x00007ffa7d450000 - 0x00007ffa7d81a000 	C:\WINDOWS\System32\KERNELBASE.dll
0x00007ffa7d2d0000 - 0x00007ffa7d41b000 	C:\WINDOWS\System32\ucrtbase.dll
0x00007ffa6a9e0000 - 0x00007ffa6a9f8000 	C:\Users\ayman\Desktop\eclipse\plugins\org.eclipse.justj.openjdk.hotspot.jre.full.win32.x86_64_21.0.5.v20241023-1957\jre\bin\jli.dll
0x00007ffa6a7b0000 - 0x00007ffa6a7ce000 	C:\Users\ayman\Desktop\eclipse\plugins\org.eclipse.justj.openjdk.hotspot.jre.full.win32.x86_64_21.0.5.v20241023-1957\jre\bin\VCRUNTIME140.dll
0x00007ffa63940000 - 0x00007ffa63bd7000 	C:\WINDOWS\WinSxS\amd64_microsoft.windows.common-controls_6595b64144ccf1df_6.0.26100.3624_none_3e086962e3345f24\COMCTL32.dll
0x00007ffa7f360000 - 0x00007ffa7f52c000 	C:\WINDOWS\System32\USER32.dll
0x00007ffa7fbc0000 - 0x00007ffa7fc69000 	C:\WINDOWS\System32\msvcrt.dll
0x00007ffa7d420000 - 0x00007ffa7d447000 	C:\WINDOWS\System32\win32u.dll
0x00007ffa7df20000 - 0x00007ffa7df4a000 	C:\WINDOWS\System32\GDI32.dll
0x00007ffa7d100000 - 0x00007ffa7d231000 	C:\WINDOWS\System32\gdi32full.dll
0x00007ffa7dbb0000 - 0x00007ffa7dc53000 	C:\WINDOWS\System32\msvcp_win.dll
0x00007ffa7ddf0000 - 0x00007ffa7de1f000 	C:\WINDOWS\System32\IMM32.DLL
0x00007ffa61a10000 - 0x00007ffa61a1c000 	C:\Users\ayman\Desktop\eclipse\plugins\org.eclipse.justj.openjdk.hotspot.jre.full.win32.x86_64_21.0.5.v20241023-1957\jre\bin\vcruntime140_1.dll
0x00007ffa4c860000 - 0x00007ffa4c8ed000 	C:\Users\ayman\Desktop\eclipse\plugins\org.eclipse.justj.openjdk.hotspot.jre.full.win32.x86_64_21.0.5.v20241023-1957\jre\bin\msvcp140.dll
0x00007ffa09af0000 - 0x00007ffa0a87f000 	C:\Users\ayman\Desktop\eclipse\plugins\org.eclipse.justj.openjdk.hotspot.jre.full.win32.x86_64_21.0.5.v20241023-1957\jre\bin\server\jvm.dll
0x00007ffa7df50000 - 0x00007ffa7e002000 	C:\WINDOWS\System32\ADVAPI32.dll
0x00007ffa7fb10000 - 0x00007ffa7fbb6000 	C:\WINDOWS\System32\sechost.dll
0x00007ffa7e190000 - 0x00007ffa7e2a6000 	C:\WINDOWS\System32\RPCRT4.dll
0x00007ffa7ec30000 - 0x00007ffa7eca4000 	C:\WINDOWS\System32\WS2_32.dll
0x00007ffa7bd30000 - 0x00007ffa7bd8e000 	C:\WINDOWS\SYSTEM32\POWRPROF.dll
0x00007ffa670d0000 - 0x00007ffa67106000 	C:\WINDOWS\SYSTEM32\WINMM.dll
0x00007ffa71060000 - 0x00007ffa7106b000 	C:\WINDOWS\SYSTEM32\VERSION.dll
0x00007ffa7bd10000 - 0x00007ffa7bd24000 	C:\WINDOWS\SYSTEM32\UMPDC.dll
0x00007ffa7bff0000 - 0x00007ffa7c00a000 	C:\WINDOWS\SYSTEM32\kernel.appcore.dll
0x00007ffa61630000 - 0x00007ffa6163a000 	C:\Users\ayman\Desktop\eclipse\plugins\org.eclipse.justj.openjdk.hotspot.jre.full.win32.x86_64_21.0.5.v20241023-1957\jre\bin\jimage.dll
0x00007ffa7a850000 - 0x00007ffa7aa91000 	C:\WINDOWS\SYSTEM32\DBGHELP.DLL
0x00007ffa7f530000 - 0x00007ffa7f8b2000 	C:\WINDOWS\System32\combase.dll
0x00007ffa7eb50000 - 0x00007ffa7ec26000 	C:\WINDOWS\System32\OLEAUT32.dll
0x00007ffa696f0000 - 0x00007ffa69729000 	C:\WINDOWS\SYSTEM32\dbgcore.DLL
0x00007ffa7d9a0000 - 0x00007ffa7da39000 	C:\WINDOWS\System32\bcryptPrimitives.dll
0x00007ffa60b50000 - 0x00007ffa60b6f000 	C:\Users\ayman\Desktop\eclipse\plugins\org.eclipse.justj.openjdk.hotspot.jre.full.win32.x86_64_21.0.5.v20241023-1957\jre\bin\java.dll

dbghelp: loaded successfully - version: 4.0.5 - missing functions: none
symbol engine: initialized successfully - sym options: 0x614 - pdb path: .;C:\Users\ayman\Desktop\eclipse\plugins\org.eclipse.justj.openjdk.hotspot.jre.full.win32.x86_64_21.0.5.v20241023-1957\jre\bin;C:\WINDOWS\SYSTEM32;C:\WINDOWS\WinSxS\amd64_microsoft.windows.common-controls_6595b64144ccf1df_6.0.26100.3624_none_3e086962e3345f24;C:\Users\ayman\Desktop\eclipse\plugins\org.eclipse.justj.openjdk.hotspot.jre.full.win32.x86_64_21.0.5.v20241023-1957\jre\bin\server

VM Arguments:
jvm_args: -Dfile.encoding=UTF-8 -Dstdout.encoding=UTF-8 -Dstderr.encoding=UTF-8 -XX:+ShowCodeDetailsInExceptionMessages 
java_command: calculatrice
java_class_path (initial): C:\Users\ayman\calculatrice
Launcher Type: SUN_STANDARD

[Global flags]
     intx CICompilerCount                          = 4                                         {product} {ergonomic}
     uint ConcGCThreads                            = 2                                         {product} {ergonomic}
     uint G1ConcRefinementThreads                  = 8                                         {product} {ergonomic}
   size_t G1HeapRegionSize                         = 1048576                                   {product} {ergonomic}
    uintx GCDrainStackTargetSize                   = 64                                        {product} {ergonomic}
   size_t InitialHeapSize                          = 132120576                                 {product} {ergonomic}
   size_t MarkStackSize                            = 4194304                                   {product} {ergonomic}
   size_t MaxHeapSize                              = 2107637760                                {product} {ergonomic}
   size_t MinHeapDeltaBytes                        = 1048576                                   {product} {ergonomic}
   size_t MinHeapSize                              = 8388608                                   {product} {ergonomic}
    uintx NonNMethodCodeHeapSize                   = 5839372                                {pd product} {ergonomic}
    uintx NonProfiledCodeHeapSize                  = 122909434                              {pd product} {ergonomic}
    uintx ProfiledCodeHeapSize                     = 122909434                              {pd product} {ergonomic}
    uintx ReservedCodeCacheSize                    = 251658240                              {pd product} {ergonomic}
     bool SegmentedCodeCache                       = true                                      {product} {ergonomic}
     bool ShowCodeDetailsInExceptionMessages       = true                                   {manageable} {command line}
   size_t SoftMaxHeapSize                          = 2107637760                             {manageable} {ergonomic}
     bool UseCompressedOops                        = true                           {product lp64_product} {ergonomic}
     bool UseG1GC                                  = true                                      {product} {ergonomic}
     bool UseLargePagesIndividualAllocation        = false                                  {pd product} {ergonomic}

Logging:
Log output configuration:
 #0: stdout all=warning uptime,level,tags foldmultilines=false
 #1: stderr all=off uptime,level,tags foldmultilines=false

Environment Variables:
PATH=C:/Users/ayman/Desktop/eclipse//plugins/org.eclipse.justj.openjdk.hotspot.jre.full.win32.x86_64_21.0.5.v20241023-1957/jre/bin/server;C:/Users/ayman/Desktop/eclipse//plugins/org.eclipse.justj.openjdk.hotspot.jre.full.win32.x86_64_21.0.5.v20241023-1957/jre/bin;C:\Program Files\Common Files\Oracle\Java\javapath;C:\WINDOWS\system32;C:\WINDOWS;C:\WINDOWS\System32\Wbem;C:\WINDOWS\System32\WindowsPowerShell\v1.0\;C:\WINDOWS\System32\OpenSSH\;C:\WINDOWS\mingw32\bin;C:\msys64\mingw32\bin;C:\Program Files\nodejs\;C:\ProgramData\chocolatey\bin;C:\Program Files\Git\cmd;C:\Users\ayman\AppData\Local\Programs\Python\Launcher\;C:\Users\ayman\AppData\Local\Microsoft\WindowsApps;C:\Users\ayman\AppData\Local\Programs\Microsoft VS Code\bin;C:\Users\ayman\AppData\Roaming\npm;C:\Users\ayman\AppData\Local\GitHubDesktop\bin;C:\Users\ayman\AppData\Local\Programs\cursor\resources\app\bin;C:\Users\ayman\Desktop\eclipse;
USERNAME=ayman
OS=Windows_NT
PROCESSOR_IDENTIFIER=Intel64 Family 6 Model 142 Stepping 10, GenuineIntel
TMP=C:\Users\ayman\AppData\Local\Temp
TEMP=C:\Users\ayman\AppData\Local\Temp




Periodic native trim disabled

---------------  S Y S T E M  ---------------

OS:
 Windows 11 , 64 bit Build 26100 (10.0.26100.3775)
OS uptime: 26 days 12:58 hours
Hyper-V role detected

CPU: total 8 (initial active 8) (4 cores per cpu, 2 threads per core) family 6 model 142 stepping 10 microcode 0xf6, cx8, cmov, fxsr, ht, mmx, 3dnowpref, sse, sse2, sse3, ssse3, sse4.1, sse4.2, popcnt, lzcnt, tsc, tscinvbit, avx, avx2, aes, erms, clmul, bmi1, bmi2, rtm, adx, fma, vzeroupper, clflush, clflushopt, hv, rdtscp, f16c
Processor Information for all 8 processors :
  Max Mhz: 1896, Current Mhz: 1696, Mhz Limit: 1687

Memory: 4k page, system-wide physical 8035M (1494M free)
TotalPageFile size 32611M (AvailPageFile size 29M)
current process WorkingSet (physical memory assigned to process): 12M, peak: 12M
current process commit charge ("private bytes"): 60M, peak: 186M

vm_info: OpenJDK 64-Bit Server VM (21.0.5+11-LTS) for windows-amd64 JRE (21.0.5+11-LTS), built on 2024-10-15T00:00:00Z by "admin" with MS VC++ 17.7 (VS2022)

END.
